# JRE version: OpenJDK Runtime Environment (8.0_152-b01) (build 1.8.0_152-release-915-b01)
# Java VM: OpenJDK 64-Bit Server VM (25.152-b01 mixed mode windows-amd64 compressed oops)
Heap:
 PSYoungGen      total 207872K, used 207848K [0x00000000e0000000, 0x00000000ee400000, 0x0000000100000000)
  eden space 190976K, 100% used [0x00000000e0000000,0x00000000eba80000,0x00000000eba80000)
  from space 16896K, 99% used [0x00000000ece00000,0x00000000ede7a370,0x00000000ede80000)
  to   space 19968K, 53% used [0x00000000eba80000,0x00000000ec4f12e0,0x00000000ece00000)
 ParOldGen       total 96256K, used 29722K [0x00000000a0000000, 0x00000000a5e00000, 0x00000000e0000000)
  object space 96256K, 30% used [0x00000000a0000000,0x00000000a1d06b78,0x00000000a5e00000)
 Metaspace       used 54117K, capacity 55874K, committed 56152K, reserved 1097728K
  class space    used 7307K, capacity 7794K, committed 7808K, reserved 1048576K
GC Heap History (10 events):
Event: 6.570 GC heap after
Heap after GC invocations=8 (full 1):
 PSYoungGen      total 116736K, used 10278K [0x00000000e0000000, 0x00000000eb600000, 0x0000000100000000)
  eden space 105472K, 0% used [0x00000000e0000000,0x00000000e0000000,0x00000000e6700000)
  from space 11264K, 91% used [0x00000000e6700000,0x00000000e7109bc0,0x00000000e7200000)
  to   space 12288K, 0% used [0x00000000eaa00000,0x00000000eaa00000,0x00000000eb600000)
 ParOldGen       total 64512K, used 10774K [0x00000000a0000000, 0x00000000a3f00000, 0x00000000e0000000)
  object space 64512K, 16% used [0x00000000a0000000,0x00000000a0a859a0,0x00000000a3f00000)
 Metaspace       used 34477K, capacity 35300K, committed 35416K, reserved 1079296K
  class space    used 4693K, capacity 4974K, committed 4992K, reserved 1048576K
}
Event: 6.570 GC heap before
{Heap before GC invocations=9 (full 2):
 PSYoungGen      total 116736K, used 10278K [0x00000000e0000000, 0x00000000eb600000, 0x0000000100000000)
  eden space 105472K, 0% used [0x00000000e0000000,0x00000000e0000000,0x00000000e6700000)
  from space 11264K, 91% used [0x00000000e6700000,0x00000000e7109bc0,0x00000000e7200000)
  to   space 12288K, 0% used [0x00000000eaa00000,0x00000000eaa00000,0x00000000eb600000)
 ParOldGen       total 64512K, used 10774K [0x00000000a0000000, 0x00000000a3f00000, 0x00000000e0000000)
  object space 64512K, 16% used [0x00000000a0000000,0x00000000a0a859a0,0x00000000a3f00000)
 Metaspace       used 34477K, capacity 35300K, committed 35416K, reserved 1079296K
  class space    used 4693K, capacity 4974K, committed 4992K, reserved 1048576K
Event: 6.625 GC heap after
Heap after GC invocations=9 (full 2):
 PSYoungGen      total 116736K, used 0K [0x00000000e0000000, 0x00000000eb600000, 0x0000000100000000)
  eden space 105472K, 0% used [0x00000000e0000000,0x00000000e0000000,0x00000000e6700000)
  from space 11264K, 0% used [0x00000000e6700000,0x00000000e6700000,0x00000000e7200000)
  to   space 12288K, 0% used [0x00000000eaa00000,0x00000000eaa00000,0x00000000eb600000)
 ParOldGen       total 96256K, used 16461K [0x00000000a0000000, 0x00000000a5e00000, 0x00000000e0000000)
  object space 96256K, 17% used [0x00000000a0000000,0x00000000a10134b8,0x00000000a5e00000)
 Metaspace       used 34477K, capacity 35300K, committed 35416K, reserved 1079296K
  class space    used 4693K, capacity 4974K, committed 4992K, reserved 1048576K
}
Event: 7.700 GC heap before
{Heap before GC invocations=10 (full 2):
 PSYoungGen      total 116736K, used 105472K [0x00000000e0000000, 0x00000000eb600000, 0x0000000100000000)
  eden space 105472K, 100% used [0x00000000e0000000,0x00000000e6700000,0x00000000e6700000)
  from space 11264K, 0% used [0x00000000e6700000,0x00000000e6700000,0x00000000e7200000)
  to   space 12288K, 0% used [0x00000000eaa00000,0x00000000eaa00000,0x00000000eb600000)
 ParOldGen       total 96256K, used 16461K [0x00000000a0000000, 0x00000000a5e00000, 0x00000000e0000000)
  object space 96256K, 17% used [0x00000000a0000000,0x00000000a10134b8,0x00000000a5e00000)
 Metaspace       used 42064K, capacity 42974K, committed 43096K, reserved 1087488K
  class space    used 5632K, capacity 5963K, committed 6016K, reserved 1048576K
Event: 7.709 GC heap after
Heap after GC invocations=10 (full 2):
 PSYoungGen      total 167424K, used 12189K [0x00000000e0000000, 0x00000000eb600000, 0x0000000100000000)
  eden space 155136K, 0% used [0x00000000e0000000,0x00000000e0000000,0x00000000e9780000)
  from space 12288K, 99% used [0x00000000eaa00000,0x00000000eb5e7718,0x00000000eb600000)
  to   space 13824K, 0% used [0x00000000e9b00000,0x00000000e9b00000,0x00000000ea880000)
 ParOldGen       total 96256K, used 16469K [0x00000000a0000000, 0x00000000a5e00000, 0x00000000e0000000)
  object space 96256K, 17% used [0x00000000a0000000,0x00000000a10154b8,0x00000000a5e00000)
 Metaspace       used 42064K, capacity 42974K, committed 43096K, reserved 1087488K
  class space    used 5632K, capacity 5963K, committed 6016K, reserved 1048576K
}
Event: 15.009 GC heap before
{Heap before GC invocations=11 (full 2):
 PSYoungGen      total 167424K, used 167325K [0x00000000e0000000, 0x00000000eb600000, 0x0000000100000000)
  eden space 155136K, 100% used [0x00000000e0000000,0x00000000e9780000,0x00000000e9780000)
  from space 12288K, 99% used [0x00000000eaa00000,0x00000000eb5e7718,0x00000000eb600000)
  to   space 13824K, 0% used [0x00000000e9b00000,0x00000000e9b00000,0x00000000ea880000)
 ParOldGen       total 96256K, used 16469K [0x00000000a0000000, 0x00000000a5e00000, 0x00000000e0000000)
  object space 96256K, 17% used [0x00000000a0000000,0x00000000a10154b8,0x00000000a5e00000)
 Metaspace       used 47533K, capacity 48724K, committed 48984K, reserved 1091584K
  class space    used 6325K, capacity 6746K, committed 6784K, reserved 1048576K
Event: 15.026 GC heap after
Heap after GC invocations=11 (full 2):
 PSYoungGen      total 172544K, used 13800K [0x00000000e0000000, 0x00000000ede80000, 0x0000000100000000)
  eden space 158720K, 0% used [0x00000000e0000000,0x00000000e0000000,0x00000000e9b00000)
  from space 13824K, 99% used [0x00000000e9b00000,0x00000000ea87a3c0,0x00000000ea880000)
  to   space 16896K, 0% used [0x00000000ece00000,0x00000000ece00000,0x00000000ede80000)
 ParOldGen       total 96256K, used 20305K [0x00000000a0000000, 0x00000000a5e00000, 0x00000000e0000000)
  object space 96256K, 21% used [0x00000000a0000000,0x00000000a13d44d8,0x00000000a5e00000)
 Metaspace       used 47533K, capacity 48724K, committed 48984K, reserved 1091584K
  class space    used 6325K, capacity 6746K, committed 6784K, reserved 1048576K
}
Event: 21.653 GC heap before
{Heap before GC invocations=12 (full 2):
 PSYoungGen      total 172544K, used 172520K [0x00000000e0000000, 0x00000000ede80000, 0x0000000100000000)
  eden space 158720K, 100% used [0x00000000e0000000,0x00000000e9b00000,0x00000000e9b00000)
  from space 13824K, 99% used [0x00000000e9b00000,0x00000000ea87a3c0,0x00000000ea880000)
  to   space 16896K, 0% used [0x00000000ece00000,0x00000000ece00000,0x00000000ede80000)
 ParOldGen       total 96256K, used 20305K [0x00000000a0000000, 0x00000000a5e00000, 0x00000000e0000000)
  object space 96256K, 21% used [0x00000000a0000000,0x00000000a13d44d8,0x00000000a5e00000)
 Metaspace       used 47801K, capacity 49002K, committed 49240K, reserved 1091584K
  class space    used 6340K, capacity 6751K, committed 6784K, reserved 1048576K
Event: 21.667 GC heap after
Heap after GC invocations=12 (full 2):
 PSYoungGen      total 207872K, used 16872K [0x00000000e0000000, 0x00000000ee400000, 0x0000000100000000)
  eden space 190976K, 0% used [0x00000000e0000000,0x00000000e0000000,0x00000000eba80000)
  from space 16896K, 99% used [0x00000000ece00000,0x00000000ede7a370,0x00000000ede80000)
  to   space 19968K, 0% used [0x00000000eba80000,0x00000000eba80000,0x00000000ece00000)
 ParOldGen       total 96256K, used 22367K [0x00000000a0000000, 0x00000000a5e00000, 0x00000000e0000000)
  object space 96256K, 23% used [0x00000000a0000000,0x00000000a15d7c90,0x00000000a5e00000)
 Metaspace       used 47801K, capacity 49002K, committed 49240K, reserved 1091584K
  class space    used 6340K, capacity 6751K, committed 6784K, reserved 1048576K
}
Event: 43.100 GC heap before
{Heap before GC invocations=13 (full 2):
 PSYoungGen      total 207872K, used 207848K [0x00000000e0000000, 0x00000000ee400000, 0x0000000100000000)
  eden space 190976K, 100% used [0x00000000e0000000,0x00000000eba80000,0x00000000eba80000)
  from space 16896K, 99% used [0x00000000ece00000,0x00000000ede7a370,0x00000000ede80000)
  to   space 19968K, 0% used [0x00000000eba80000,0x00000000eba80000,0x00000000ece00000)
 ParOldGen       total 96256K, used 22367K [0x00000000a0000000, 0x00000000a5e00000, 0x00000000e0000000)
  object space 96256K, 23% used [0x00000000a0000000,0x00000000a15d7c90,0x00000000a5e00000)
 Metaspace       used 54117K, capacity 55874K, committed 56152K, reserved 1097728K
  class space    used 7307K, capacity 7794K, committed 7808K, reserved 1048576K

