# JRE version: OpenJDK Runtime Environment (8.0_152-b01) (build 1.8.0_152-release-915-b01)
# Java VM: OpenJDK 64-Bit Server VM (25.152-b01 mixed mode windows-amd64 compressed oops)
Heap:
 PSYoungGen      total 71680K, used 3343K [0x00000000e0000000, 0x00000000e4b00000, 0x0000000100000000)
  eden space 66560K, 0% used [0x00000000e0000000,0x00000000e0000000,0x00000000e4100000)
  from space 5120K, 65% used [0x00000000e4600000,0x00000000e4943f30,0x00000000e4b00000)
  to   space 5120K, 0% used [0x00000000e4100000,0x00000000e4100000,0x00000000e4600000)
 ParOldGen       total 76800K, used 19030K [0x00000000a0000000, 0x00000000a4b00000, 0x00000000e0000000)
  object space 76800K, 24% used [0x00000000a0000000,0x00000000a1295a20,0x00000000a4b00000)
 Metaspace       used 41441K, capacity 42300K, committed 42456K, reserved 1089536K
  class space    used 5515K, capacity 5857K, committed 5888K, reserved 1048576K
GC Heap History (10 events):
Event: 5.760 GC heap before
{Heap before GC invocations=7 (full 1):
 PSYoungGen      total 71680K, used 71672K [0x00000000e0000000, 0x00000000e4b00000, 0x0000000100000000)
  eden space 66560K, 100% used [0x00000000e0000000,0x00000000e4100000,0x00000000e4100000)
  from space 5120K, 99% used [0x00000000e4100000,0x00000000e45fe228,0x00000000e4600000)
  to   space 5120K, 0% used [0x00000000e4600000,0x00000000e4600000,0x00000000e4b00000)
 ParOldGen       total 58880K, used 10583K [0x00000000a0000000, 0x00000000a3980000, 0x00000000e0000000)
  object space 58880K, 17% used [0x00000000a0000000,0x00000000a0a55ef0,0x00000000a3980000)
 Metaspace       used 31171K, capacity 31910K, committed 32000K, reserved 1077248K
  class space    used 4299K, capacity 4584K, committed 4608K, reserved 1048576K
Event: 5.772 GC heap after
Heap after GC invocations=7 (full 1):
 PSYoungGen      total 71680K, used 5092K [0x00000000e0000000, 0x00000000e4b00000, 0x0000000100000000)
  eden space 66560K, 0% used [0x00000000e0000000,0x00000000e0000000,0x00000000e4100000)
  from space 5120K, 99% used [0x00000000e4600000,0x00000000e4af9030,0x00000000e4b00000)
  to   space 5120K, 0% used [0x00000000e4100000,0x00000000e4100000,0x00000000e4600000)
 ParOldGen       total 58880K, used 15025K [0x00000000a0000000, 0x00000000a3980000, 0x00000000e0000000)
  object space 58880K, 25% used [0x00000000a0000000,0x00000000a0eac6d8,0x00000000a3980000)
 Metaspace       used 31171K, capacity 31910K, committed 32000K, reserved 1077248K
  class space    used 4299K, capacity 4584K, committed 4608K, reserved 1048576K
}
Event: 7.534 GC heap before
{Heap before GC invocations=8 (full 1):
 PSYoungGen      total 71680K, used 71652K [0x00000000e0000000, 0x00000000e4b00000, 0x0000000100000000)
  eden space 66560K, 100% used [0x00000000e0000000,0x00000000e4100000,0x00000000e4100000)
  from space 5120K, 99% used [0x00000000e4600000,0x00000000e4af9030,0x00000000e4b00000)
  to   space 5120K, 0% used [0x00000000e4100000,0x00000000e4100000,0x00000000e4600000)
 ParOldGen       total 58880K, used 15025K [0x00000000a0000000, 0x00000000a3980000, 0x00000000e0000000)
  object space 58880K, 25% used [0x00000000a0000000,0x00000000a0eac6d8,0x00000000a3980000)
 Metaspace       used 33847K, capacity 34506K, committed 34560K, reserved 1079296K
  class space    used 4586K, capacity 4850K, committed 4864K, reserved 1048576K
Event: 7.540 GC heap after
Heap after GC invocations=8 (full 1):
 PSYoungGen      total 71680K, used 5092K [0x00000000e0000000, 0x00000000e4b00000, 0x0000000100000000)
  eden space 66560K, 0% used [0x00000000e0000000,0x00000000e0000000,0x00000000e4100000)
  from space 5120K, 99% used [0x00000000e4100000,0x00000000e45f90c0,0x00000000e4600000)
  to   space 5120K, 0% used [0x00000000e4600000,0x00000000e4600000,0x00000000e4b00000)
 ParOldGen       total 58880K, used 18685K [0x00000000a0000000, 0x00000000a3980000, 0x00000000e0000000)
  object space 58880K, 31% used [0x00000000a0000000,0x00000000a123f648,0x00000000a3980000)
 Metaspace       used 33847K, capacity 34506K, committed 34560K, reserved 1079296K
  class space    used 4586K, capacity 4850K, committed 4864K, reserved 1048576K
}
Event: 7.586 GC heap before
{Heap before GC invocations=9 (full 1):
 PSYoungGen      total 71680K, used 9846K [0x00000000e0000000, 0x00000000e4b00000, 0x0000000100000000)
  eden space 66560K, 7% used [0x00000000e0000000,0x00000000e04a4b18,0x00000000e4100000)
  from space 5120K, 99% used [0x00000000e4100000,0x00000000e45f90c0,0x00000000e4600000)
  to   space 5120K, 0% used [0x00000000e4600000,0x00000000e4600000,0x00000000e4b00000)
 ParOldGen       total 58880K, used 18685K [0x00000000a0000000, 0x00000000a3980000, 0x00000000e0000000)
  object space 58880K, 31% used [0x00000000a0000000,0x00000000a123f648,0x00000000a3980000)
 Metaspace       used 34614K, capacity 35312K, committed 35416K, reserved 1079296K
  class space    used 4656K, capacity 4947K, committed 4992K, reserved 1048576K
Event: 7.594 GC heap after
Heap after GC invocations=9 (full 1):
 PSYoungGen      total 71680K, used 5116K [0x00000000e0000000, 0x00000000e4b00000, 0x0000000100000000)
  eden space 66560K, 0% used [0x00000000e0000000,0x00000000e0000000,0x00000000e4100000)
  from space 5120K, 99% used [0x00000000e4600000,0x00000000e4aff0d0,0x00000000e4b00000)
  to   space 5120K, 0% used [0x00000000e4100000,0x00000000e4100000,0x00000000e4600000)
 ParOldGen       total 58880K, used 19658K [0x00000000a0000000, 0x00000000a3980000, 0x00000000e0000000)
  object space 58880K, 33% used [0x00000000a0000000,0x00000000a13329d8,0x00000000a3980000)
 Metaspace       used 34614K, capacity 35312K, committed 35416K, reserved 1079296K
  class space    used 4656K, capacity 4947K, committed 4992K, reserved 1048576K
}
Event: 7.594 GC heap before
{Heap before GC invocations=10 (full 2):
 PSYoungGen      total 71680K, used 5116K [0x00000000e0000000, 0x00000000e4b00000, 0x0000000100000000)
  eden space 66560K, 0% used [0x00000000e0000000,0x00000000e0000000,0x00000000e4100000)
  from space 5120K, 99% used [0x00000000e4600000,0x00000000e4aff0d0,0x00000000e4b00000)
  to   space 5120K, 0% used [0x00000000e4100000,0x00000000e4100000,0x00000000e4600000)
 ParOldGen       total 58880K, used 19658K [0x00000000a0000000, 0x00000000a3980000, 0x00000000e0000000)
  object space 58880K, 33% used [0x00000000a0000000,0x00000000a13329d8,0x00000000a3980000)
 Metaspace       used 34614K, capacity 35312K, committed 35416K, reserved 1079296K
  class space    used 4656K, capacity 4947K, committed 4992K, reserved 1048576K
Event: 7.649 GC heap after
Heap after GC invocations=10 (full 2):
 PSYoungGen      total 71680K, used 0K [0x00000000e0000000, 0x00000000e4b00000, 0x0000000100000000)
  eden space 66560K, 0% used [0x00000000e0000000,0x00000000e0000000,0x00000000e4100000)
  from space 5120K, 0% used [0x00000000e4600000,0x00000000e4600000,0x00000000e4b00000)
  to   space 5120K, 0% used [0x00000000e4100000,0x00000000e4100000,0x00000000e4600000)
 ParOldGen       total 76800K, used 17219K [0x00000000a0000000, 0x00000000a4b00000, 0x00000000e0000000)
  object space 76800K, 22% used [0x00000000a0000000,0x00000000a10d0f50,0x00000000a4b00000)
 Metaspace       used 34614K, capacity 35312K, committed 35416K, reserved 1079296K
  class space    used 4656K, capacity 4947K, committed 4992K, reserved 1048576K
}
Event: 8.406 GC heap before
{Heap before GC invocations=11 (full 2):
 PSYoungGen      total 71680K, used 66560K [0x00000000e0000000, 0x00000000e4b00000, 0x0000000100000000)
  eden space 66560K, 100% used [0x00000000e0000000,0x00000000e4100000,0x00000000e4100000)
  from space 5120K, 0% used [0x00000000e4600000,0x00000000e4600000,0x00000000e4b00000)
  to   space 5120K, 0% used [0x00000000e4100000,0x00000000e4100000,0x00000000e4600000)
 ParOldGen       total 76800K, used 17219K [0x00000000a0000000, 0x00000000a4b00000, 0x00000000e0000000)
  object space 76800K, 22% used [0x00000000a0000000,0x00000000a10d0f50,0x00000000a4b00000)
 Metaspace       used 41110K, capacity 41980K, committed 42200K, reserved 1085440K
  class space    used 5470K, capacity 5793K, committed 5888K, reserved 1048576K
Event: 8.413 GC heap after
Heap after GC invocations=11 (full 2):
 PSYoungGen      total 71680K, used 5100K [0x00000000e0000000, 0x00000000e4b00000, 0x0000000100000000)
  eden space 66560K, 0% used [0x00000000e0000000,0x00000000e0000000,0x00000000e4100000)
  from space 5120K, 99% used [0x00000000e4100000,0x00000000e45fb268,0x00000000e4600000)
  to   space 5120K, 0% used [0x00000000e4600000,0x00000000e4600000,0x00000000e4b00000)
 ParOldGen       total 76800K, used 19022K [0x00000000a0000000, 0x00000000a4b00000, 0x00000000e0000000)
  object space 76800K, 24% used [0x00000000a0000000,0x00000000a1293a20,0x00000000a4b00000)
 Metaspace       used 41110K, capacity 41980K, committed 42200K, reserved 1085440K
  class space    used 5470K, capacity 5793K, committed 5888K, reserved 1048576K
}

